#
# There is insufficient memory for the Java Runtime Environment to continue.
# Native memory allocation (mmap) failed to map 100663296 bytes for G1 virtual space
# Possible reasons:
#   The system is out of physical RAM or swap space
#   The process is running with CompressedOops enabled, and the Java Heap may be blocking the growth of the native heap
# Possible solutions:
#   Reduce memory load on the system
#   Increase physical memory or swap space
#   Check if swap backing store is full
#   Decrease Java heap size (-Xmx/-Xms)
#   Decrease number of Java threads
#   Decrease Java thread stack sizes (-Xss)
#   Set larger code cache with -XX:ReservedCodeCacheSize=
#   JVM is running with Unscaled Compressed Oops mode in which the Java heap is
#     placed in the first 4GB address space. The Java Heap base address is the
#     maximum limit for the native heap growth. Please use -XX:HeapBaseMinAddress
#     to set the Java Heap base and to place the Java Heap above 4GB virtual address.
# This output file may be truncated or incomplete.
#
#  Out of Memory Error (os_windows.cpp:3600), pid=17132, tid=12920
#
# JRE version:  (21.0+35) (build )
# Java VM: Java HotSpot(TM) 64-Bit Server VM (21+35-LTS-2513, mixed mode, sharing, tiered, compressed oops, compressed class ptrs, g1 gc, windows-amd64)
# No core dump will be written. Minidumps are not enabled by default on client versions of Windows
#

---------------  S U M M A R Y ------------

Command Line: -Dfile.encoding=UTF-8 -Dstdout.encoding=UTF-8 -Dstderr.encoding=UTF-8 -XX:+ShowCodeDetailsInExceptionMessages org.exam.client.ExamClientApplication

Host: AMD Ryzen 3 3250U with Radeon Graphics         , 4 cores, 5G,  Windows 10 , 64 bit Build 19041 (10.0.19041.1706)
Time: Fri Mar  1 13:44:59 2024 India Standard Time elapsed time: 0.033934 seconds (0d 0h 0m 0s)

---------------  T H R E A D  ---------------

Current thread (0x0000014c22297890):  JavaThread "Unknown thread" [_thread_in_vm, id=12920, stack(0x0000000ac0600000,0x0000000ac0700000) (1024K)]

Stack: [0x0000000ac0600000,0x0000000ac0700000]
Native frames: (J=compiled Java code, j=interpreted, Vv=VM code, C=native code)
V  [jvm.dll+0x6c8d39]
V  [jvm.dll+0x854091]
V  [jvm.dll+0x85630e]
V  [jvm.dll+0x8569e3]
V  [jvm.dll+0x2809a6]
V  [jvm.dll+0x6c5425]
V  [jvm.dll+0x6b9e1a]
V  [jvm.dll+0x3555ba]
V  [jvm.dll+0x35d206]
V  [jvm.dll+0x3adf6e]
V  [jvm.dll+0x3ae218]
V  [jvm.dll+0x328fcc]
V  [jvm.dll+0x329b5b]
V  [jvm.dll+0x81c699]
V  [jvm.dll+0x3bb2a1]
V  [jvm.dll+0x805688]
V  [jvm.dll+0x44ed9e]
V  [jvm.dll+0x4506a1]
C  [jli.dll+0x52a3]
C  [ucrtbase.dll+0x21bb2]
C  [KERNEL32.DLL+0x17034]
C  [ntdll.dll+0x52651]


---------------  P R O C E S S  ---------------

Threads class SMR info:
_java_thread_list=0x00007ffa5e7a7b48, length=0, elements={
}

Java Threads: ( => current thread )
Total: 0

Other Threads:
  0x0000014c222d8420 WorkerThread "GC Thread#0"                     [id=9448, stack(0x0000000ac0700000,0x0000000ac0800000) (1024K)]
  0x0000014c222e6b30 ConcurrentGCThread "G1 Main Marker"            [id=17220, stack(0x0000000ac0800000,0x0000000ac0900000) (1024K)]
  0x0000014c222e7540 WorkerThread "G1 Conc#0"                       [id=25808, stack(0x0000000ac0900000,0x0000000ac0a00000) (1024K)]

[error occurred during error reporting (printing all threads), id 0xc0000005, EXCEPTION_ACCESS_VIOLATION (0xc0000005) at pc=0x00007ffa5df1c097]
VM state: not at safepoint (not fully initialized)

VM Mutex/Monitor currently owned by a thread:  ([mutex/lock_event])
[0x00007ffa5e818648] Heap_lock - owner thread: 0x0000014c22297890

Heap address: 0x00000000a0e00000, size: 1522 MB, Compressed Oops mode: 32-bit

CDS archive(s) mapped at: [0x0000000000000000-0x0000000000000000-0x0000000000000000), size 0, SharedBaseAddress: 0x0000000800000000, ArchiveRelocationMode: 1.
Narrow klass base: 0x0000000000000000, Narrow klass shift: 0, Narrow klass range: 0x0

GC Precious Log:
 CardTable entry size: 512
 Card Set container configuration: InlinePtr #cards 5 size 8 Array Of Cards #cards 12 size 40 Howl #buckets 4 coarsen threshold 1843 Howl Bitmap #cards 512 size 80 coarsen threshold 460 Card regions per heap region 1 cards per card region 2048

Heap:
 garbage-first heap   total 0K, used 0K [0x00000000a0e00000, 0x0000000100000000)
  region size 1024K, 0 young (0K), 0 survivors (0K)

[error occurred during error reporting (printing heap information), id 0xc0000005, EXCEPTION_ACCESS_VIOLATION (0xc0000005) at pc=0x00007ffa5e301939]
GC Heap History (0 events):
No events

Dll operation events (1 events):
Event: 0.021 Loaded shared library C:\Program Files\Java\jdk-21\bin\java.dll

Deoptimization events (0 events):
No events

Classes loaded (0 events):
No events

Classes unloaded (0 events):
No events

Classes redefined (0 events):
No events

Internal exceptions (0 events):
No events

ZGC Phase Switch (0 events):
No events

VM Operations (0 events):
No events

Events (0 events):
No events


Dynamic libraries:
0x00007ff6130d0000 - 0x00007ff6130e0000 	C:\Program Files\Java\jdk-21\bin\javaw.exe
0x00007ffa9d0f0000 - 0x00007ffa9d2e5000 	C:\WINDOWS\SYSTEM32\ntdll.dll
0x00007ffa9cdb0000 - 0x00007ffa9ce6d000 	C:\WINDOWS\System32\KERNEL32.DLL
0x00007ffa9aa70000 - 0x00007ffa9ad3d000 	C:\WINDOWS\System32\KERNELBASE.dll
0x00007ffa9ad70000 - 0x00007ffa9ae70000 	C:\WINDOWS\System32\ucrtbase.dll
0x00007ffa941a0000 - 0x00007ffa941bb000 	C:\Program Files\Java\jdk-21\bin\VCRUNTIME140.dll
0x00007ffa93410000 - 0x00007ffa93429000 	C:\Program Files\Java\jdk-21\bin\jli.dll
0x00007ffa9b1f0000 - 0x00007ffa9b29e000 	C:\WINDOWS\System32\ADVAPI32.dll
0x00007ffa9bd60000 - 0x00007ffa9bdfe000 	C:\WINDOWS\System32\msvcrt.dll
0x00007ffa9bb20000 - 0x00007ffa9bbbc000 	C:\WINDOWS\System32\sechost.dll
0x00007ffa9cc80000 - 0x00007ffa9cda5000 	C:\WINDOWS\System32\RPCRT4.dll
0x00007ffa9bbc0000 - 0x00007ffa9bd60000 	C:\WINDOWS\System32\USER32.dll
0x00007ffa9ad40000 - 0x00007ffa9ad62000 	C:\WINDOWS\System32\win32u.dll
0x00007ffa9b320000 - 0x00007ffa9b34a000 	C:\WINDOWS\System32\GDI32.dll
0x00007ffa7f760000 - 0x00007ffa7f9fa000 	C:\WINDOWS\WinSxS\amd64_microsoft.windows.common-controls_6595b64144ccf1df_6.0.19041.1110_none_60b5254171f9507e\COMCTL32.dll
0x00007ffa9ae70000 - 0x00007ffa9af7b000 	C:\WINDOWS\System32\gdi32full.dll
0x00007ffa9a9d0000 - 0x00007ffa9aa6d000 	C:\WINDOWS\System32\msvcp_win.dll
0x00007ffa92f10000 - 0x00007ffa92f1a000 	C:\WINDOWS\SYSTEM32\VERSION.dll
0x00007ffa9ce70000 - 0x00007ffa9cea0000 	C:\WINDOWS\System32\IMM32.DLL
0x00007ffa97f90000 - 0x00007ffa97f9c000 	C:\Program Files\Java\jdk-21\bin\vcruntime140_1.dll
0x00007ffa7a790000 - 0x00007ffa7a81e000 	C:\Program Files\Java\jdk-21\bin\msvcp140.dll
0x00007ffa5dbe0000 - 0x00007ffa5e8f3000 	C:\Program Files\Java\jdk-21\bin\server\jvm.dll
0x00007ffa9be00000 - 0x00007ffa9be6b000 	C:\WINDOWS\System32\WS2_32.dll
0x00007ffa9a670000 - 0x00007ffa9a6bb000 	C:\WINDOWS\SYSTEM32\POWRPROF.dll
0x00007ffa91a60000 - 0x00007ffa91a87000 	C:\WINDOWS\SYSTEM32\WINMM.dll
0x00007ffa9a650000 - 0x00007ffa9a662000 	C:\WINDOWS\SYSTEM32\UMPDC.dll
0x00007ffa98700000 - 0x00007ffa98712000 	C:\WINDOWS\SYSTEM32\kernel.appcore.dll
0x00007ffa96340000 - 0x00007ffa9634a000 	C:\Program Files\Java\jdk-21\bin\jimage.dll
0x00007ffa88240000 - 0x00007ffa88424000 	C:\WINDOWS\SYSTEM32\DBGHELP.DLL
0x00007ffa86440000 - 0x00007ffa8646c000 	C:\WINDOWS\SYSTEM32\dbgcore.DLL
0x00007ffa9b000000 - 0x00007ffa9b082000 	C:\WINDOWS\System32\bcryptPrimitives.dll
0x00007ffa92cb0000 - 0x00007ffa92ccf000 	C:\Program Files\Java\jdk-21\bin\java.dll

dbghelp: loaded successfully - version: 4.0.5 - missing functions: none
symbol engine: initialized successfully - sym options: 0x614 - pdb path: .;C:\Program Files\Java\jdk-21\bin;C:\WINDOWS\SYSTEM32;C:\WINDOWS\WinSxS\amd64_microsoft.windows.common-controls_6595b64144ccf1df_6.0.19041.1110_none_60b5254171f9507e;C:\Program Files\Java\jdk-21\bin\server

VM Arguments:
jvm_args: -Dfile.encoding=UTF-8 -Dstdout.encoding=UTF-8 -Dstderr.encoding=UTF-8 -XX:+ShowCodeDetailsInExceptionMessages 
java_command: org.exam.client.ExamClientApplication
java_class_path (initial): C:\Users\rutuj\OneDrive\Documents\ConsoleExamApllication\bin;C:\Users\rutuj\Downloads\mysql-connector-j-8.3.0\mysql-connector-j-8.3.0\mysql-connector-j-8.3.0.jar
Launcher Type: SUN_STANDARD

[Global flags]
     intx CICompilerCount                          = 3                                         {product} {ergonomic}
     uint ConcGCThreads                            = 1                                         {product} {ergonomic}
     uint G1ConcRefinementThreads                  = 4                                         {product} {ergonomic}
   size_t G1HeapRegionSize                         = 1048576                                   {product} {ergonomic}
    uintx GCDrainStackTargetSize                   = 64                                        {product} {ergonomic}
   size_t InitialHeapSize                          = 100663296                                 {product} {ergonomic}
   size_t MarkStackSize                            = 4194304                                   {product} {ergonomic}
   size_t MaxHeapSize                              = 1595932672                                {product} {ergonomic}
   size_t MinHeapDeltaBytes                        = 1048576                                   {product} {ergonomic}
   size_t MinHeapSize                              = 8388608                                   {product} {ergonomic}
    uintx NonNMethodCodeHeapSize                   = 5832780                                {pd product} {ergonomic}
    uintx NonProfiledCodeHeapSize                  = 122912730                              {pd product} {ergonomic}
    uintx ProfiledCodeHeapSize                     = 122912730                              {pd product} {ergonomic}
    uintx ReservedCodeCacheSize                    = 251658240                              {pd product} {ergonomic}
     bool SegmentedCodeCache                       = true                                      {product} {ergonomic}
     bool ShowCodeDetailsInExceptionMessages       = true                                   {manageable} {command line}
   size_t SoftMaxHeapSize                          = 1595932672                             {manageable} {ergonomic}
     bool UseCompressedOops                        = true                           {product lp64_product} {ergonomic}
     bool UseG1GC                                  = true                                      {product} {ergonomic}
     bool UseLargePagesIndividualAllocation        = false                                  {pd product} {ergonomic}

Logging:
Log output configuration:
 #0: stdout all=warning uptime,level,tags foldmultilines=false
 #1: stderr all=off uptime,level,tags foldmultilines=false

Environment Variables:
JAVA_HOME=C:\Program Files\Java\jdk-21
PATH=C:\Program Files\Common Files\Oracle\Java\javapath;C:\WINDOWS\system32;C:\WINDOWS;C:\WINDOWS\System32\Wbem;C:\WINDOWS\System32\WindowsPowerShell\v1.0\;C:\WINDOWS\System32\OpenSSH\;C:\Program Files\Java\jdk-21\bin;C:\Program Files\Common Files\Oracle\Java\javapath;C:\Program Files (x86)\Microsoft SQL Server\160\Tools\Binn\;C:\Program Files\Microsoft SQL Server\160\Tools\Binn\;C:\Program Files\Microsoft SQL Server\Client SDK\ODBC\170\Tools\Binn\;C:\Program Files\Microsoft SQL Server\160\DTS\Binn\;C:\Program Files\Azure Data Studio\bin;C:\Program Files\MySQL\MySQL Server 8.0\bin;C:\Program Files\MySQL\MySQL Shell 8.0\bin\;C:\Users\rutuj\AppData\Local\Microsoft\WindowsApps;;C:\Users\rutuj\AppData\Local\Programs\Microsoft VS Code\bin;C:\Program Files\Azure Data Studio\bin
USERNAME=rutuj
OS=Windows_NT
PROCESSOR_IDENTIFIER=AMD64 Family 23 Model 24 Stepping 1, AuthenticAMD
TMP=C:\Users\rutuj\AppData\Local\Temp
TEMP=C:\Users\rutuj\AppData\Local\Temp




---------------  S Y S T E M  ---------------

OS:
 Windows 10 , 64 bit Build 19041 (10.0.19041.1706)
OS uptime: 49 days 17:12 hours

CPU: total 4 (initial active 4) (4 cores per cpu, 2 threads per core) family 23 model 24 stepping 1 microcode 0x0, cx8, cmov, fxsr, ht, mmx, 3dnowpref, sse, sse2, sse3, ssse3, sse4a, sse4.1, sse4.2, popcnt, lzcnt, tsc, tscinvbit, avx, avx2, aes, clmul, bmi1, bmi2, adx, sha, fma, vzeroupper, clflush, clflushopt, rdtscp, f16c
Processor Information for all 4 processors :
  Max Mhz: 2600, Current Mhz: 2600, Mhz Limit: 2600

Memory: 4k page, system-wide physical 6086M (252M free)
TotalPageFile size 24518M (AvailPageFile size 12M)
current process WorkingSet (physical memory assigned to process): 10M, peak: 10M
current process commit charge ("private bytes"): 51M, peak: 147M

vm_info: Java HotSpot(TM) 64-Bit Server VM (21+35-LTS-2513) for windows-amd64 JRE (21+35-LTS-2513), built on 2023-08-09T20:25:10Z by "mach5one" with MS VC++ 17.1 (VS2022)

END.
