#
# There is insufficient memory for the Java Runtime Environment to continue.
# Native memory allocation (malloc) failed to allocate 32744 bytes for Chunk::new
# Possible reasons:
#   The system is out of physical RAM or swap space
#   The process is running with CompressedOops enabled, and the Java Heap may be blocking the growth of the native heap
# Possible solutions:
#   Reduce memory load on the system
#   Increase physical memory or swap space
#   Check if swap backing store is full
#   Decrease Java heap size (-Xmx/-Xms)
#   Decrease number of Java threads
#   Decrease Java thread stack sizes (-Xss)
#   Set larger code cache with -XX:ReservedCodeCacheSize=
#   JVM is running with Unscaled Compressed Oops mode in which the Java heap is
#     placed in the first 4GB address space. The Java Heap base address is the
#     maximum limit for the native heap growth. Please use -XX:HeapBaseMinAddress
#     to set the Java Heap base and to place the Java Heap above 4GB virtual address.
# This output file may be truncated or incomplete.
#
#  Out of Memory Error (arena.cpp:166), pid=3684, tid=24704
#
# JRE version: Java(TM) SE Runtime Environment (21.0+35) (build 21+35-LTS-2513)
# Java VM: Java HotSpot(TM) 64-Bit Server VM (21+35-LTS-2513, mixed mode, sharing, tiered, compressed oops, compressed class ptrs, g1 gc, windows-amd64)
# No core dump will be written. Minidumps are not enabled by default on client versions of Windows
#

---------------  S U M M A R Y ------------

Command Line: -Dfile.encoding=UTF-8 -Dstdout.encoding=UTF-8 -Dstderr.encoding=UTF-8 -XX:+ShowCodeDetailsInExceptionMessages org.exam.client.ExamClientApplication

Host: AMD Ryzen 3 3250U with Radeon Graphics         , 4 cores, 5G,  Windows 10 , 64 bit Build 19041 (10.0.19041.1706)
Time: Fri Mar  1 13:34:45 2024 India Standard Time elapsed time: 406.257819 seconds (0d 0h 6m 46s)

---------------  T H R E A D  ---------------

Current thread (0x00000223dcd04800):  JavaThread "C1 CompilerThread0" daemon [_thread_in_native, id=24704, stack(0x0000007bf3700000,0x0000007bf3800000) (1024K)]


Current CompileTask:
C1: 406258 1505   !   3       jdk.internal.loader.BuiltinClassLoader::findResource (154 bytes)

Stack: [0x0000007bf3700000,0x0000007bf3800000]
Native frames: (J=compiled Java code, j=interpreted, Vv=VM code, C=native code)
V  [jvm.dll+0x6c8d39]
V  [jvm.dll+0x854091]
V  [jvm.dll+0x85630e]
V  [jvm.dll+0x8569e3]
V  [jvm.dll+0x2809a6]
V  [jvm.dll+0xc3e6d]
V  [jvm.dll+0xc4383]
V  [jvm.dll+0x195f8e]
V  [jvm.dll+0x19e45b]
V  [jvm.dll+0x19aefa]
V  [jvm.dll+0x1546e3]
V  [jvm.dll+0x153f98]
V  [jvm.dll+0x1541d4]
V  [jvm.dll+0x153616]
V  [jvm.dll+0x15537d]
V  [jvm.dll+0x2583e9]
V  [jvm.dll+0x2569ca]
V  [jvm.dll+0x3eef66]
V  [jvm.dll+0x7fd2c8]
V  [jvm.dll+0x6c748d]
C  [ucrtbase.dll+0x21bb2]
C  [KERNEL32.DLL+0x17034]
C  [ntdll.dll+0x52651]


---------------  P R O C E S S  ---------------

Threads class SMR info:
_java_thread_list=0x00000224221195c0, length=12, elements={
0x00000223bf444160, 0x00000223dcc88310, 0x00000223dcc89b80, 0x00000223dcc8eea0,
0x00000223dcc91920, 0x00000223dcc92790, 0x00000223dcc931f0, 0x00000223dcc93f80,
0x00000223dcd04800, 0x00000224220a2000, 0x00000224220a7050, 0x000002242211d700
}

Java Threads: ( => current thread )
  0x00000223bf444160 JavaThread "main"                              [_thread_in_native, id=18856, stack(0x0000007bf2800000,0x0000007bf2900000) (1024K)]
  0x00000223dcc88310 JavaThread "Reference Handler"          daemon [_thread_blocked, id=23640, stack(0x0000007bf3000000,0x0000007bf3100000) (1024K)]
  0x00000223dcc89b80 JavaThread "Finalizer"                  daemon [_thread_blocked, id=12136, stack(0x0000007bf3100000,0x0000007bf3200000) (1024K)]
  0x00000223dcc8eea0 JavaThread "Signal Dispatcher"          daemon [_thread_blocked, id=23628, stack(0x0000007bf3200000,0x0000007bf3300000) (1024K)]
  0x00000223dcc91920 JavaThread "Attach Listener"            daemon [_thread_blocked, id=25236, stack(0x0000007bf3300000,0x0000007bf3400000) (1024K)]
  0x00000223dcc92790 JavaThread "Service Thread"             daemon [_thread_blocked, id=952, stack(0x0000007bf3400000,0x0000007bf3500000) (1024K)]
  0x00000223dcc931f0 JavaThread "Monitor Deflation Thread"   daemon [_thread_blocked, id=20384, stack(0x0000007bf3500000,0x0000007bf3600000) (1024K)]
  0x00000223dcc93f80 JavaThread "C2 CompilerThread0"         daemon [_thread_blocked, id=20620, stack(0x0000007bf3600000,0x0000007bf3700000) (1024K)]
=>0x00000223dcd04800 JavaThread "C1 CompilerThread0"         daemon [_thread_in_native, id=24704, stack(0x0000007bf3700000,0x0000007bf3800000) (1024K)]
  0x00000224220a2000 JavaThread "Notification Thread"        daemon [_thread_blocked, id=13508, stack(0x0000007bf3800000,0x0000007bf3900000) (1024K)]
  0x00000224220a7050 JavaThread "Common-Cleaner"             daemon [_thread_blocked, id=252, stack(0x0000007bf3900000,0x0000007bf3a00000) (1024K)]
  0x000002242211d700 JavaThread "mysql-cj-abandoned-connection-cleanup" daemon [_thread_blocked, id=26884, stack(0x0000007bf3a00000,0x0000007bf3b00000) (1024K)]
Total: 12

Other Threads:
  0x00000223dcc6aee0 VMThread "VM Thread"                           [id=21976, stack(0x0000007bf2f00000,0x0000007bf3000000) (1024K)]
  0x00000223dcc5cb50 WatcherThread "VM Periodic Task Thread"        [id=27360, stack(0x0000007bf2e00000,0x0000007bf2f00000) (1024K)]
  0x00000223c161a050 WorkerThread "GC Thread#0"                     [id=23656, stack(0x0000007bf2900000,0x0000007bf2a00000) (1024K)]
  0x0000022422696470 WorkerThread "GC Thread#1"                     [id=11608, stack(0x0000007bf3b00000,0x0000007bf3c00000) (1024K)]
  0x000002242269c640 WorkerThread "GC Thread#2"                     [id=25752, stack(0x0000007bf3c00000,0x0000007bf3d00000) (1024K)]
  0x000002242269c9e0 WorkerThread "GC Thread#3"                     [id=15364, stack(0x0000007bf3d00000,0x0000007bf3e00000) (1024K)]
  0x00000223c1627590 ConcurrentGCThread "G1 Main Marker"            [id=27088, stack(0x0000007bf2a00000,0x0000007bf2b00000) (1024K)]
  0x00000223c1627fa0 WorkerThread "G1 Conc#0"                       [id=19200, stack(0x0000007bf2b00000,0x0000007bf2c00000) (1024K)]
  0x00000223c1695270 ConcurrentGCThread "G1 Refine#0"               [id=26052, stack(0x0000007bf2c00000,0x0000007bf2d00000) (1024K)]
  0x00000223c1695cf0 ConcurrentGCThread "G1 Service"                [id=27460, stack(0x0000007bf2d00000,0x0000007bf2e00000) (1024K)]
Total: 10

Threads with active compile tasks:
C1 CompilerThread0   406348 1505   !   3       jdk.internal.loader.BuiltinClassLoader::findResource (154 bytes)
Total: 1

VM state: not at safepoint (normal execution)

VM Mutex/Monitor currently owned by a thread: None

Heap address: 0x00000000a0e00000, size: 1522 MB, Compressed Oops mode: 32-bit

CDS archive(s) mapped at: [0x00000223dd000000-0x00000223ddc90000-0x00000223ddc90000), size 13172736, SharedBaseAddress: 0x00000223dd000000, ArchiveRelocationMode: 1.
Compressed class space mapped at: 0x00000223de000000-0x000002241e000000, reserved size: 1073741824
Narrow klass base: 0x00000223dd000000, Narrow klass shift: 0, Narrow klass range: 0x100000000

GC Precious Log:
 CardTable entry size: 512
 Card Set container configuration: InlinePtr #cards 5 size 8 Array Of Cards #cards 12 size 40 Howl #buckets 4 coarsen threshold 1843 Howl Bitmap #cards 512 size 80 coarsen threshold 460 Card regions per heap region 1 cards per card region 2048
 CPUs: 4 total, 4 available
 Memory: 6086M
 Large Page Support: Disabled
 NUMA Support: Disabled
 Compressed Oops: Enabled (32-bit)
 Heap Region Size: 1M
 Heap Min Capacity: 8M
 Heap Initial Capacity: 96M
 Heap Max Capacity: 1522M
 Pre-touch: Disabled
 Parallel Workers: 4
 Concurrent Workers: 1
 Concurrent Refinement Workers: 4
 Periodic GC: Disabled

Heap:
 garbage-first heap   total 98304K, used 8564K [0x00000000a0e00000, 0x0000000100000000)
  region size 1024K, 8 young (8192K), 2 survivors (2048K)
 Metaspace       used 10702K, committed 10944K, reserved 1114112K
  class space    used 1136K, committed 1216K, reserved 1048576K

Heap Regions: E=young(eden), S=young(survivor), O=old, HS=humongous(starts), HC=humongous(continues), CS=collection set, F=free, TAMS=top-at-mark-start, PB=parsable bottom
|   0|0x00000000a0e00000, 0x00000000a0f00000, 0x00000000a0f00000|100%| O|  |TAMS 0x00000000a0e00000| PB 0x00000000a0e00000| Untracked 
|   1|0x00000000a0f00000, 0x00000000a0f5d010, 0x00000000a1000000| 36%| O|  |TAMS 0x00000000a0f00000| PB 0x00000000a0f00000| Untracked 
|   2|0x00000000a1000000, 0x00000000a1000000, 0x00000000a1100000|  0%| F|  |TAMS 0x00000000a1000000| PB 0x00000000a1000000| Untracked 
|   3|0x00000000a1100000, 0x00000000a1100000, 0x00000000a1200000|  0%| F|  |TAMS 0x00000000a1100000| PB 0x00000000a1100000| Untracked 
|   4|0x00000000a1200000, 0x00000000a1200000, 0x00000000a1300000|  0%| F|  |TAMS 0x00000000a1200000| PB 0x00000000a1200000| Untracked 
|   5|0x00000000a1300000, 0x00000000a1300000, 0x00000000a1400000|  0%| F|  |TAMS 0x00000000a1300000| PB 0x00000000a1300000| Untracked 
|   6|0x00000000a1400000, 0x00000000a1400000, 0x00000000a1500000|  0%| F|  |TAMS 0x00000000a1400000| PB 0x00000000a1400000| Untracked 
|   7|0x00000000a1500000, 0x00000000a1500000, 0x00000000a1600000|  0%| F|  |TAMS 0x00000000a1500000| PB 0x00000000a1500000| Untracked 
|   8|0x00000000a1600000, 0x00000000a1600000, 0x00000000a1700000|  0%| F|  |TAMS 0x00000000a1600000| PB 0x00000000a1600000| Untracked 
|   9|0x00000000a1700000, 0x00000000a1700000, 0x00000000a1800000|  0%| F|  |TAMS 0x00000000a1700000| PB 0x00000000a1700000| Untracked 
|  10|0x00000000a1800000, 0x00000000a1800000, 0x00000000a1900000|  0%| F|  |TAMS 0x00000000a1800000| PB 0x00000000a1800000| Untracked 
|  11|0x00000000a1900000, 0x00000000a1900000, 0x00000000a1a00000|  0%| F|  |TAMS 0x00000000a1900000| PB 0x00000000a1900000| Untracked 
|  12|0x00000000a1a00000, 0x00000000a1a00000, 0x00000000a1b00000|  0%| F|  |TAMS 0x00000000a1a00000| PB 0x00000000a1a00000| Untracked 
|  13|0x00000000a1b00000, 0x00000000a1b00000, 0x00000000a1c00000|  0%| F|  |TAMS 0x00000000a1b00000| PB 0x00000000a1b00000| Untracked 
|  14|0x00000000a1c00000, 0x00000000a1c00000, 0x00000000a1d00000|  0%| F|  |TAMS 0x00000000a1c00000| PB 0x00000000a1c00000| Untracked 
|  15|0x00000000a1d00000, 0x00000000a1d00000, 0x00000000a1e00000|  0%| F|  |TAMS 0x00000000a1d00000| PB 0x00000000a1d00000| Untracked 
|  16|0x00000000a1e00000, 0x00000000a1e00000, 0x00000000a1f00000|  0%| F|  |TAMS 0x00000000a1e00000| PB 0x00000000a1e00000| Untracked 
|  17|0x00000000a1f00000, 0x00000000a1f00000, 0x00000000a2000000|  0%| F|  |TAMS 0x00000000a1f00000| PB 0x00000000a1f00000| Untracked 
|  18|0x00000000a2000000, 0x00000000a2000000, 0x00000000a2100000|  0%| F|  |TAMS 0x00000000a2000000| PB 0x00000000a2000000| Untracked 
|  19|0x00000000a2100000, 0x00000000a2100000, 0x00000000a2200000|  0%| F|  |TAMS 0x00000000a2100000| PB 0x00000000a2100000| Untracked 
|  20|0x00000000a2200000, 0x00000000a2200000, 0x00000000a2300000|  0%| F|  |TAMS 0x00000000a2200000| PB 0x00000000a2200000| Untracked 
|  21|0x00000000a2300000, 0x00000000a2300000, 0x00000000a2400000|  0%| F|  |TAMS 0x00000000a2300000| PB 0x00000000a2300000| Untracked 
|  22|0x00000000a2400000, 0x00000000a2400000, 0x00000000a2500000|  0%| F|  |TAMS 0x00000000a2400000| PB 0x00000000a2400000| Untracked 
|  23|0x00000000a2500000, 0x00000000a2500000, 0x00000000a2600000|  0%| F|  |TAMS 0x00000000a2500000| PB 0x00000000a2500000| Untracked 
|  24|0x00000000a2600000, 0x00000000a2600000, 0x00000000a2700000|  0%| F|  |TAMS 0x00000000a2600000| PB 0x00000000a2600000| Untracked 
|  25|0x00000000a2700000, 0x00000000a2700000, 0x00000000a2800000|  0%| F|  |TAMS 0x00000000a2700000| PB 0x00000000a2700000| Untracked 
|  26|0x00000000a2800000, 0x00000000a2800000, 0x00000000a2900000|  0%| F|  |TAMS 0x00000000a2800000| PB 0x00000000a2800000| Untracked 
|  27|0x00000000a2900000, 0x00000000a2900000, 0x00000000a2a00000|  0%| F|  |TAMS 0x00000000a2900000| PB 0x00000000a2900000| Untracked 
|  28|0x00000000a2a00000, 0x00000000a2a00000, 0x00000000a2b00000|  0%| F|  |TAMS 0x00000000a2a00000| PB 0x00000000a2a00000| Untracked 
|  29|0x00000000a2b00000, 0x00000000a2b00000, 0x00000000a2c00000|  0%| F|  |TAMS 0x00000000a2b00000| PB 0x00000000a2b00000| Untracked 
|  30|0x00000000a2c00000, 0x00000000a2c00000, 0x00000000a2d00000|  0%| F|  |TAMS 0x00000000a2c00000| PB 0x00000000a2c00000| Untracked 
|  31|0x00000000a2d00000, 0x00000000a2d00000, 0x00000000a2e00000|  0%| F|  |TAMS 0x00000000a2d00000| PB 0x00000000a2d00000| Untracked 
|  32|0x00000000a2e00000, 0x00000000a2e00000, 0x00000000a2f00000|  0%| F|  |TAMS 0x00000000a2e00000| PB 0x00000000a2e00000| Untracked 
|  33|0x00000000a2f00000, 0x00000000a2f00000, 0x00000000a3000000|  0%| F|  |TAMS 0x00000000a2f00000| PB 0x00000000a2f00000| Untracked 
|  34|0x00000000a3000000, 0x00000000a3000000, 0x00000000a3100000|  0%| F|  |TAMS 0x00000000a3000000| PB 0x00000000a3000000| Untracked 
|  35|0x00000000a3100000, 0x00000000a3100000, 0x00000000a3200000|  0%| F|  |TAMS 0x00000000a3100000| PB 0x00000000a3100000| Untracked 
|  36|0x00000000a3200000, 0x00000000a3200000, 0x00000000a3300000|  0%| F|  |TAMS 0x00000000a3200000| PB 0x00000000a3200000| Untracked 
|  37|0x00000000a3300000, 0x00000000a3300000, 0x00000000a3400000|  0%| F|  |TAMS 0x00000000a3300000| PB 0x00000000a3300000| Untracked 
|  38|0x00000000a3400000, 0x00000000a3400000, 0x00000000a3500000|  0%| F|  |TAMS 0x00000000a3400000| PB 0x00000000a3400000| Untracked 
|  39|0x00000000a3500000, 0x00000000a3500000, 0x00000000a3600000|  0%| F|  |TAMS 0x00000000a3500000| PB 0x00000000a3500000| Untracked 
|  40|0x00000000a3600000, 0x00000000a3600000, 0x00000000a3700000|  0%| F|  |TAMS 0x00000000a3600000| PB 0x00000000a3600000| Untracked 
|  41|0x00000000a3700000, 0x00000000a3700000, 0x00000000a3800000|  0%| F|  |TAMS 0x00000000a3700000| PB 0x00000000a3700000| Untracked 
|  42|0x00000000a3800000, 0x00000000a3800000, 0x00000000a3900000|  0%| F|  |TAMS 0x00000000a3800000| PB 0x00000000a3800000| Untracked 
|  43|0x00000000a3900000, 0x00000000a3900000, 0x00000000a3a00000|  0%| F|  |TAMS 0x00000000a3900000| PB 0x00000000a3900000| Untracked 
|  44|0x00000000a3a00000, 0x00000000a3a00000, 0x00000000a3b00000|  0%| F|  |TAMS 0x00000000a3a00000| PB 0x00000000a3a00000| Untracked 
|  45|0x00000000a3b00000, 0x00000000a3b00000, 0x00000000a3c00000|  0%| F|  |TAMS 0x00000000a3b00000| PB 0x00000000a3b00000| Untracked 
|  46|0x00000000a3c00000, 0x00000000a3c00000, 0x00000000a3d00000|  0%| F|  |TAMS 0x00000000a3c00000| PB 0x00000000a3c00000| Untracked 
|  47|0x00000000a3d00000, 0x00000000a3d00000, 0x00000000a3e00000|  0%| F|  |TAMS 0x00000000a3d00000| PB 0x00000000a3d00000| Untracked 
|  48|0x00000000a3e00000, 0x00000000a3e00000, 0x00000000a3f00000|  0%| F|  |TAMS 0x00000000a3e00000| PB 0x00000000a3e00000| Untracked 
|  49|0x00000000a3f00000, 0x00000000a3f00000, 0x00000000a4000000|  0%| F|  |TAMS 0x00000000a3f00000| PB 0x00000000a3f00000| Untracked 
|  50|0x00000000a4000000, 0x00000000a4000000, 0x00000000a4100000|  0%| F|  |TAMS 0x00000000a4000000| PB 0x00000000a4000000| Untracked 
|  51|0x00000000a4100000, 0x00000000a4100000, 0x00000000a4200000|  0%| F|  |TAMS 0x00000000a4100000| PB 0x00000000a4100000| Untracked 
|  52|0x00000000a4200000, 0x00000000a4200000, 0x00000000a4300000|  0%| F|  |TAMS 0x00000000a4200000| PB 0x00000000a4200000| Untracked 
|  53|0x00000000a4300000, 0x00000000a4300000, 0x00000000a4400000|  0%| F|  |TAMS 0x00000000a4300000| PB 0x00000000a4300000| Untracked 
|  54|0x00000000a4400000, 0x00000000a4400000, 0x00000000a4500000|  0%| F|  |TAMS 0x00000000a4400000| PB 0x00000000a4400000| Untracked 
|  55|0x00000000a4500000, 0x00000000a4500000, 0x00000000a4600000|  0%| F|  |TAMS 0x00000000a4500000| PB 0x00000000a4500000| Untracked 
|  56|0x00000000a4600000, 0x00000000a4600000, 0x00000000a4700000|  0%| F|  |TAMS 0x00000000a4600000| PB 0x00000000a4600000| Untracked 
|  57|0x00000000a4700000, 0x00000000a4700000, 0x00000000a4800000|  0%| F|  |TAMS 0x00000000a4700000| PB 0x00000000a4700000| Untracked 
|  58|0x00000000a4800000, 0x00000000a4800000, 0x00000000a4900000|  0%| F|  |TAMS 0x00000000a4800000| PB 0x00000000a4800000| Untracked 
|  59|0x00000000a4900000, 0x00000000a4900000, 0x00000000a4a00000|  0%| F|  |TAMS 0x00000000a4900000| PB 0x00000000a4900000| Untracked 
|  60|0x00000000a4a00000, 0x00000000a4a00000, 0x00000000a4b00000|  0%| F|  |TAMS 0x00000000a4a00000| PB 0x00000000a4a00000| Untracked 
|  61|0x00000000a4b00000, 0x00000000a4b00000, 0x00000000a4c00000|  0%| F|  |TAMS 0x00000000a4b00000| PB 0x00000000a4b00000| Untracked 
|  62|0x00000000a4c00000, 0x00000000a4c00000, 0x00000000a4d00000|  0%| F|  |TAMS 0x00000000a4c00000| PB 0x00000000a4c00000| Untracked 
|  63|0x00000000a4d00000, 0x00000000a4d00000, 0x00000000a4e00000|  0%| F|  |TAMS 0x00000000a4d00000| PB 0x00000000a4d00000| Untracked 
|  64|0x00000000a4e00000, 0x00000000a4e00000, 0x00000000a4f00000|  0%| F|  |TAMS 0x00000000a4e00000| PB 0x00000000a4e00000| Untracked 
|  65|0x00000000a4f00000, 0x00000000a4f00000, 0x00000000a5000000|  0%| F|  |TAMS 0x00000000a4f00000| PB 0x00000000a4f00000| Untracked 
|  66|0x00000000a5000000, 0x00000000a5000000, 0x00000000a5100000|  0%| F|  |TAMS 0x00000000a5000000| PB 0x00000000a5000000| Untracked 
|  67|0x00000000a5100000, 0x00000000a5100000, 0x00000000a5200000|  0%| F|  |TAMS 0x00000000a5100000| PB 0x00000000a5100000| Untracked 
|  68|0x00000000a5200000, 0x00000000a5200000, 0x00000000a5300000|  0%| F|  |TAMS 0x00000000a5200000| PB 0x00000000a5200000| Untracked 
|  69|0x00000000a5300000, 0x00000000a5300000, 0x00000000a5400000|  0%| F|  |TAMS 0x00000000a5300000| PB 0x00000000a5300000| Untracked 
|  70|0x00000000a5400000, 0x00000000a5400000, 0x00000000a5500000|  0%| F|  |TAMS 0x00000000a5400000| PB 0x00000000a5400000| Untracked 
|  71|0x00000000a5500000, 0x00000000a5500000, 0x00000000a5600000|  0%| F|  |TAMS 0x00000000a5500000| PB 0x00000000a5500000| Untracked 
|  72|0x00000000a5600000, 0x00000000a5600000, 0x00000000a5700000|  0%| F|  |TAMS 0x00000000a5600000| PB 0x00000000a5600000| Untracked 
|  73|0x00000000a5700000, 0x00000000a5700000, 0x00000000a5800000|  0%| F|  |TAMS 0x00000000a5700000| PB 0x00000000a5700000| Untracked 
|  74|0x00000000a5800000, 0x00000000a5800000, 0x00000000a5900000|  0%| F|  |TAMS 0x00000000a5800000| PB 0x00000000a5800000| Untracked 
|  75|0x00000000a5900000, 0x00000000a5900000, 0x00000000a5a00000|  0%| F|  |TAMS 0x00000000a5900000| PB 0x00000000a5900000| Untracked 
|  76|0x00000000a5a00000, 0x00000000a5a00000, 0x00000000a5b00000|  0%| F|  |TAMS 0x00000000a5a00000| PB 0x00000000a5a00000| Untracked 
|  77|0x00000000a5b00000, 0x00000000a5b00000, 0x00000000a5c00000|  0%| F|  |TAMS 0x00000000a5b00000| PB 0x00000000a5b00000| Untracked 
|  78|0x00000000a5c00000, 0x00000000a5c00000, 0x00000000a5d00000|  0%| F|  |TAMS 0x00000000a5c00000| PB 0x00000000a5c00000| Untracked 
|  79|0x00000000a5d00000, 0x00000000a5d00000, 0x00000000a5e00000|  0%| F|  |TAMS 0x00000000a5d00000| PB 0x00000000a5d00000| Untracked 
|  80|0x00000000a5e00000, 0x00000000a5e00000, 0x00000000a5f00000|  0%| F|  |TAMS 0x00000000a5e00000| PB 0x00000000a5e00000| Untracked 
|  81|0x00000000a5f00000, 0x00000000a6000000, 0x00000000a6000000|100%| S|CS|TAMS 0x00000000a5f00000| PB 0x00000000a5f00000| Complete 
|  82|0x00000000a6000000, 0x00000000a6100000, 0x00000000a6100000|100%| S|CS|TAMS 0x00000000a6000000| PB 0x00000000a6000000| Complete 
|  83|0x00000000a6100000, 0x00000000a6100000, 0x00000000a6200000|  0%| F|  |TAMS 0x00000000a6100000| PB 0x00000000a6100000| Untracked 
|  84|0x00000000a6200000, 0x00000000a6200000, 0x00000000a6300000|  0%| F|  |TAMS 0x00000000a6200000| PB 0x00000000a6200000| Untracked 
|  85|0x00000000a6300000, 0x00000000a6300000, 0x00000000a6400000|  0%| F|  |TAMS 0x00000000a6300000| PB 0x00000000a6300000| Untracked 
|  86|0x00000000a6400000, 0x00000000a6400000, 0x00000000a6500000|  0%| F|  |TAMS 0x00000000a6400000| PB 0x00000000a6400000| Untracked 
|  87|0x00000000a6500000, 0x00000000a6500000, 0x00000000a6600000|  0%| F|  |TAMS 0x00000000a6500000| PB 0x00000000a6500000| Untracked 
|  88|0x00000000a6600000, 0x00000000a6600000, 0x00000000a6700000|  0%| F|  |TAMS 0x00000000a6600000| PB 0x00000000a6600000| Untracked 
|  89|0x00000000a6700000, 0x00000000a6700000, 0x00000000a6800000|  0%| F|  |TAMS 0x00000000a6700000| PB 0x00000000a6700000| Untracked 
|  90|0x00000000a6800000, 0x00000000a68a0e40, 0x00000000a6900000| 62%| E|  |TAMS 0x00000000a6800000| PB 0x00000000a6800000| Complete 
|  91|0x00000000a6900000, 0x00000000a6a00000, 0x00000000a6a00000|100%| E|CS|TAMS 0x00000000a6900000| PB 0x00000000a6900000| Complete 
|  92|0x00000000a6a00000, 0x00000000a6b00000, 0x00000000a6b00000|100%| E|CS|TAMS 0x00000000a6a00000| PB 0x00000000a6a00000| Complete 
|  93|0x00000000a6b00000, 0x00000000a6c00000, 0x00000000a6c00000|100%| E|CS|TAMS 0x00000000a6b00000| PB 0x00000000a6b00000| Complete 
|  94|0x00000000a6c00000, 0x00000000a6d00000, 0x00000000a6d00000|100%| E|CS|TAMS 0x00000000a6c00000| PB 0x00000000a6c00000| Complete 
|  95|0x00000000a6d00000, 0x00000000a6e00000, 0x00000000a6e00000|100%| E|CS|TAMS 0x00000000a6d00000| PB 0x00000000a6d00000| Complete 

Card table byte_map: [0x00000223d8d40000,0x00000223d9040000] _byte_map_base: 0x00000223d8839000

Marking Bits: (CMBitMap*) 0x00000223c161ae70
 Bits: [0x00000223d9040000, 0x00000223da808000)

Polling page: 0x00000223bf3a0000

Metaspace:

Usage:
  Non-class:      9.34 MB used.
      Class:      1.11 MB used.
       Both:     10.45 MB used.

Virtual space:
  Non-class space:       64.00 MB reserved,       9.50 MB ( 15%) committed,  1 nodes.
      Class space:        1.00 GB reserved,       1.19 MB ( <1%) committed,  1 nodes.
             Both:        1.06 GB reserved,      10.69 MB ( <1%) committed. 

Chunk freelists:
   Non-Class:  6.36 MB
       Class:  14.64 MB
        Both:  21.00 MB

MaxMetaspaceSize: unlimited
CompressedClassSpaceSize: 1.00 GB
Initial GC threshold: 21.00 MB
Current GC threshold: 21.00 MB
CDS: on
 - commit_granule_bytes: 65536.
 - commit_granule_words: 8192.
 - virtual_space_node_default_size: 8388608.
 - enlarge_chunks_in_place: 1.
 - use_allocation_guard: 0.


Internal statistics:

num_allocs_failed_limit: 0.
num_arena_births: 130.
num_arena_deaths: 0.
num_vsnodes_births: 2.
num_vsnodes_deaths: 0.
num_space_committed: 171.
num_space_uncommitted: 0.
num_chunks_returned_to_freelist: 0.
num_chunks_taken_from_freelist: 316.
num_chunk_merges: 0.
num_chunk_splits: 201.
num_chunks_enlarged: 133.
num_inconsistent_stats: 0.

CodeHeap 'non-profiled nmethods': size=120000Kb used=528Kb max_used=528Kb free=119471Kb
 bounds [0x00000223d1510000, 0x00000223d1780000, 0x00000223d8a40000]
CodeHeap 'profiled nmethods': size=120000Kb used=2790Kb max_used=2790Kb free=117209Kb
 bounds [0x00000223c9a40000, 0x00000223c9d00000, 0x00000223d0f70000]
CodeHeap 'non-nmethods': size=5760Kb used=1486Kb max_used=1509Kb free=4273Kb
 bounds [0x00000223d0f70000, 0x00000223d11e0000, 0x00000223d1510000]
 total_blobs=2067 nmethods=1503 adapters=469
 compilation: enabled
              stopped_count=0, restarted_count=0
 full_count=0

Compilation events (20 events):
Event: 140.792 Thread 0x00000223dcc93f80 nmethod 1494 0x00000223d1593710 code [0x00000223d15938c0, 0x00000223d1593bc8]
Event: 195.882 Thread 0x00000223dcd04800 1495       3       jdk.internal.loader.BuiltinClassLoader::hasClassPath (13 bytes)
Event: 195.885 Thread 0x00000223dcd04800 nmethod 1495 0x00000223c9cf3090 code [0x00000223c9cf3220, 0x00000223c9cf3390]
Event: 220.926 Thread 0x00000223dcd04800 1497   !   3       java.io.WinNTFileSystem::getBooleanAttributes (27 bytes)
Event: 220.928 Thread 0x00000223dcd04800 nmethod 1497 0x00000223c9cf3410 code [0x00000223c9cf35e0, 0x00000223c9cf37f8]
Event: 291.041 Thread 0x00000223dcd04800 1498       3       sun.net.www.protocol.file.Handler::parseURL (18 bytes)
Event: 291.045 Thread 0x00000223dcd04800 nmethod 1498 0x00000223c9cf3910 code [0x00000223c9cf3ac0, 0x00000223c9cf3c88]
Event: 306.055 Thread 0x00000223dcd04800 1499       3       java.io.File::<init> (111 bytes)
Event: 306.177 Thread 0x00000223dcd04800 nmethod 1499 0x00000223c9cf3d90 code [0x00000223c9cf4040, 0x00000223c9cf4ba0]
Event: 311.065 Thread 0x00000223dcd04800 1500   !   3       jdk.internal.loader.URLClassPath$FileLoader::getResource (153 bytes)
Event: 311.076 Thread 0x00000223dcd04800 nmethod 1500 0x00000223c9cf4f90 code [0x00000223c9cf52e0, 0x00000223c9cf6468]
Event: 381.181 Thread 0x00000223dcd04800 1501       3       jdk.internal.module.Resources::toPackageName (39 bytes)
Event: 381.183 Thread 0x00000223dcd04800 nmethod 1501 0x00000223c9cf6d10 code [0x00000223c9cf6f40, 0x00000223c9cf75e0]
Event: 381.183 Thread 0x00000223dcd04800 1502   !   3       jdk.internal.loader.BuiltinClassLoader::findMiscResource (122 bytes)
Event: 381.205 Thread 0x00000223dcd04800 nmethod 1502 0x00000223c9cf7890 code [0x00000223c9cf7b60, 0x00000223c9cf8d78]
Event: 401.234 Thread 0x00000223dcd04800 1503       3       jdk.internal.loader.BuiltinClassLoader::checkURL (5 bytes)
Event: 401.234 Thread 0x00000223dcd04800 nmethod 1503 0x00000223c9cf9210 code [0x00000223c9cf93c0, 0x00000223c9cf95b8]
Event: 401.234 Thread 0x00000223dcd04800 1504   !   3       jdk.internal.loader.URLClassPath::checkURL (16 bytes)
Event: 401.234 Thread 0x00000223dcd04800 nmethod 1504 0x00000223c9cf9690 code [0x00000223c9cf9840, 0x00000223c9cf9a08]
Event: 406.234 Thread 0x00000223dcd04800 1505   !   3       jdk.internal.loader.BuiltinClassLoader::findResource (154 bytes)

GC Heap History (2 events):
Event: 2.331 GC heap before
{Heap before GC invocations=0 (full 0):
 garbage-first heap   total 98304K, used 12288K [0x00000000a0e00000, 0x0000000100000000)
  region size 1024K, 13 young (13312K), 0 survivors (0K)
 Metaspace       used 8594K, committed 8768K, reserved 1114112K
  class space    used 912K, committed 960K, reserved 1048576K
}
Event: 2.345 GC heap after
{Heap after GC invocations=1 (full 0):
 garbage-first heap   total 98304K, used 3444K [0x00000000a0e00000, 0x0000000100000000)
  region size 1024K, 2 young (2048K), 2 survivors (2048K)
 Metaspace       used 8594K, committed 8768K, reserved 1114112K
  class space    used 912K, committed 960K, reserved 1048576K
}

Dll operation events (8 events):
Event: 0.029 Loaded shared library C:\Program Files\Java\jdk-21\bin\java.dll
Event: 0.272 Loaded shared library C:\Program Files\Java\jdk-21\bin\jsvml.dll
Event: 0.408 Loaded shared library C:\Program Files\Java\jdk-21\bin\net.dll
Event: 0.417 Loaded shared library C:\Program Files\Java\jdk-21\bin\nio.dll
Event: 0.436 Loaded shared library C:\Program Files\Java\jdk-21\bin\zip.dll
Event: 0.447 Loaded shared library C:\Program Files\Java\jdk-21\bin\jimage.dll
Event: 1.338 Loaded shared library C:\Program Files\Java\jdk-21\bin\extnet.dll
Event: 1.724 Loaded shared library C:\Program Files\Java\jdk-21\bin\sunmscapi.dll

Deoptimization events (20 events):
Event: 2.983 Thread 0x00000223bf444160 DEOPT PACKING pc=0x00000223d1546b74 sp=0x0000007bf28fe8e0
Event: 2.984 Thread 0x00000223bf444160 DEOPT UNPACKING pc=0x00000223d0fc46a2 sp=0x0000007bf28fe880 mode 2
Event: 2.988 Thread 0x00000223bf444160 Uncommon trap: trap_request=0xffffff45 fr.pc=0x00000223d1555004 relative=0x00000000000004a4
Event: 2.988 Thread 0x00000223bf444160 Uncommon trap: reason=unstable_if action=reinterpret pc=0x00000223d1555004 method=java.lang.String.getBytes([BIB)V @ 5 c2
Event: 2.988 Thread 0x00000223bf444160 DEOPT PACKING pc=0x00000223d1555004 sp=0x0000007bf28ff1e0
Event: 2.989 Thread 0x00000223bf444160 DEOPT UNPACKING pc=0x00000223d0fc46a2 sp=0x0000007bf28ff070 mode 2
Event: 7.166 Thread 0x00000223bf444160 DEOPT PACKING pc=0x00000223c9b9dd8a sp=0x0000007bf28fda30
Event: 7.166 Thread 0x00000223bf444160 DEOPT UNPACKING pc=0x00000223d0fc4e42 sp=0x0000007bf28fce68 mode 0
Event: 7.253 Thread 0x00000223bf444160 Uncommon trap: trap_request=0xffffff45 fr.pc=0x00000223d158a4c0 relative=0x0000000000000ac0
Event: 7.253 Thread 0x00000223bf444160 Uncommon trap: reason=unstable_if action=reinterpret pc=0x00000223d158a4c0 method=java.util.regex.Pattern$Start.match(Ljava/util/regex/Matcher;ILjava/lang/CharSequence;)Z @ 10 c2
Event: 7.253 Thread 0x00000223bf444160 DEOPT PACKING pc=0x00000223d158a4c0 sp=0x0000007bf28ff220
Event: 7.253 Thread 0x00000223bf444160 DEOPT UNPACKING pc=0x00000223d0fc46a2 sp=0x0000007bf28ff180 mode 2
Event: 24.435 Thread 0x00000223bf444160 Uncommon trap: trap_request=0xffffff45 fr.pc=0x00000223d154e7f0 relative=0x0000000000000570
Event: 24.435 Thread 0x00000223bf444160 Uncommon trap: reason=unstable_if action=reinterpret pc=0x00000223d154e7f0 method=java.lang.String.getBytes([BIB)V @ 5 c2
Event: 24.435 Thread 0x00000223bf444160 DEOPT PACKING pc=0x00000223d154e7f0 sp=0x0000007bf28ff1a0
Event: 24.435 Thread 0x00000223bf444160 DEOPT UNPACKING pc=0x00000223d0fc46a2 sp=0x0000007bf28ff088 mode 2
Event: 139.710 Thread 0x00000223bf444160 Uncommon trap: trap_request=0xffffff45 fr.pc=0x00000223d154db0c relative=0x00000000000000ec
Event: 139.711 Thread 0x00000223bf444160 Uncommon trap: reason=unstable_if action=reinterpret pc=0x00000223d154db0c method=java.lang.String.getBytes([BIB)V @ 5 c2
Event: 139.711 Thread 0x00000223bf444160 DEOPT PACKING pc=0x00000223d154db0c sp=0x0000007bf28ff120
Event: 139.711 Thread 0x00000223bf444160 DEOPT UNPACKING pc=0x00000223d0fc46a2 sp=0x0000007bf28ff0c8 mode 2

Classes loaded (20 events):
Event: 2.957 Loading class java/util/ArrayList$SubList$1
Event: 2.958 Loading class java/util/ArrayList$SubList$1 done
Event: 2.959 Loading class sun/text/resources/cldr/FormatData_en
Event: 2.961 Loading class sun/text/resources/cldr/FormatData_en done
Event: 2.962 Loading class sun/util/resources/Bundles$2
Event: 2.963 Loading class sun/util/resources/Bundles$2 done
Event: 2.978 Loading class java/lang/invoke/MethodHandle$1
Event: 2.979 Loading class java/lang/invoke/MethodHandle$1 done
Event: 7.103 Loading class java/util/regex/Matcher$ImmutableMatchResult
Event: 7.104 Loading class java/util/regex/Matcher$ImmutableMatchResult done
Event: 7.106 Loading class java/util/NoSuchElementException
Event: 7.106 Loading class java/util/NoSuchElementException done
Event: 7.121 Loading class java/util/TimerTask
Event: 7.122 Loading class java/util/TimerTask done
Event: 7.124 Loading class java/util/concurrent/atomic/AtomicBoolean
Event: 7.124 Loading class java/util/concurrent/atomic/AtomicBoolean done
Event: 7.212 Loading class java/time/format/DateTimeParseException
Event: 7.214 Loading class java/time/DateTimeException
Event: 7.214 Loading class java/time/DateTimeException done
Event: 7.214 Loading class java/time/format/DateTimeParseException done

Classes unloaded (0 events):
No events

Classes redefined (0 events):
No events

Internal exceptions (11 events):
Event: 0.490 Thread 0x00000223bf444160 Exception <a 'java/lang/NoSuchMethodError'{0x00000000a6b0a950}: 'void java.lang.invoke.DirectMethodHandle$Holder.invokeStatic(java.lang.Object, java.lang.Object)'> (0x00000000a6b0a950) 
thrown [s\open\src\hotspot\share\interpreter\linkResolver.cpp, line 773]
Event: 0.656 Thread 0x00000223bf444160 Exception <a 'java/lang/NoSuchMethodError'{0x00000000a6a3e738}: 'java.lang.Object java.lang.invoke.DirectMethodHandle$Holder.invokeInterface(java.lang.Object, java.lang.Object)'> (0x00000000a6a3e738) 
thrown [s\open\src\hotspot\share\interpreter\linkResolver.cpp, line 773]
Event: 0.754 Thread 0x00000223bf444160 Exception <a 'java/lang/NoSuchMethodError'{0x00000000a6ab9ba0}: 'void java.lang.invoke.DirectMethodHandle$Holder.invokeSpecial(java.lang.Object, java.lang.Object, java.lang.Object)'> (0x00000000a6ab9ba0) 
thrown [s\open\src\hotspot\share\interpreter\linkResolver.cpp, line 773]
Event: 0.757 Thread 0x00000223bf444160 Exception <a 'java/lang/NoSuchMethodError'{0x00000000a6abfdf8}: 'void java.lang.invoke.DirectMethodHandle$Holder.invokeStatic(java.lang.Object, java.lang.Object, java.lang.Object)'> (0x00000000a6abfdf8) 
thrown [s\open\src\hotspot\share\interpreter\linkResolver.cpp, line 773]
Event: 0.760 Thread 0x00000223bf444160 Exception <a 'java/lang/NoSuchMethodError'{0x00000000a6ac9410}: 'java.lang.Object java.lang.invoke.DirectMethodHandle$Holder.invokeVirtual(java.lang.Object, java.lang.Object, java.lang.Object)'> (0x00000000a6ac9410) 
thrown [s\open\src\hotspot\share\interpreter\linkResolver.cpp, line 773]
Event: 1.596 Thread 0x00000223bf444160 Exception <a 'java/lang/NoSuchMethodError'{0x00000000a649bce0}: 'void java.lang.invoke.DirectMethodHandle$Holder.invokeStaticInit(java.lang.Object, java.lang.Object)'> (0x00000000a649bce0) 
thrown [s\open\src\hotspot\share\interpreter\linkResolver.cpp, line 773]
Event: 1.808 Thread 0x00000223bf444160 Exception <a 'sun/nio/fs/WindowsException'{0x00000000a63f0f60}> (0x00000000a63f0f60) 
thrown [s\open\src\hotspot\share\prims\jni.cpp, line 520]
Event: 1.957 Thread 0x00000223bf444160 Exception <a 'java/lang/NoSuchMethodError'{0x00000000a629f188}: 'java.lang.Object java.lang.invoke.DirectMethodHandle$Holder.invokeStaticInit(java.lang.Object, int, int, int, int)'> (0x00000000a629f188) 
thrown [s\open\src\hotspot\share\interpreter\linkResolver.cpp, line 773]
Event: 2.003 Thread 0x00000223bf444160 Exception <a 'java/lang/NoSuchMethodError'{0x00000000a62cf2d8}: 'java.lang.Object java.lang.invoke.DirectMethodHandle$Holder.invokeStaticInit(java.lang.Object, java.lang.Object, int, int, int, int)'> (0x00000000a62cf2d8) 
thrown [s\open\src\hotspot\share\interpreter\linkResolver.cpp, line 773]
Event: 2.116 Thread 0x00000223bf444160 Exception <a 'java/lang/NoSuchMethodError'{0x00000000a6137130}: 'int java.lang.invoke.DirectMethodHandle$Holder.invokeSpecial(java.lang.Object, java.lang.Object, java.lang.Object)'> (0x00000000a6137130) 
thrown [s\open\src\hotspot\share\interpreter\linkResolver.cpp, line 773]
Event: 2.416 Thread 0x00000223bf444160 Exception <a 'java/lang/NoSuchMethodError'{0x00000000a6d62d68}: 'void java.lang.invoke.DirectMethodHandle$Holder.invokeVirtual(java.lang.Object, java.lang.Object)'> (0x00000000a6d62d68) 
thrown [s\open\src\hotspot\share\interpreter\linkResolver.cpp, line 773]

ZGC Phase Switch (0 events):
No events

VM Operations (20 events):
Event: 1.840 Executing VM operation: HandshakeAllThreads (Deoptimize)
Event: 1.840 Executing VM operation: HandshakeAllThreads (Deoptimize) done
Event: 2.331 Executing VM operation: G1CollectForAllocation (G1 Evacuation Pause)
Event: 2.346 Executing VM operation: G1CollectForAllocation (G1 Evacuation Pause) done
Event: 2.457 Executing VM operation: HandshakeAllThreads (Deoptimize)
Event: 2.457 Executing VM operation: HandshakeAllThreads (Deoptimize) done
Event: 2.984 Executing VM operation: HandshakeAllThreads (Deoptimize)
Event: 2.984 Executing VM operation: HandshakeAllThreads (Deoptimize) done
Event: 3.996 Executing VM operation: Cleanup
Event: 3.996 Executing VM operation: Cleanup done
Event: 8.009 Executing VM operation: Cleanup
Event: 8.009 Executing VM operation: Cleanup done
Event: 60.257 Executing VM operation: HandshakeAllThreads (HandshakeForDeflation)
Event: 60.257 Executing VM operation: HandshakeAllThreads (HandshakeForDeflation) done
Event: 60.257 Executing VM operation: RendezvousGCThreads
Event: 60.257 Executing VM operation: RendezvousGCThreads done
Event: 131.637 Executing VM operation: Cleanup
Event: 131.638 Executing VM operation: Cleanup done
Event: 136.670 Executing VM operation: Cleanup
Event: 136.670 Executing VM operation: Cleanup done

Events (12 events):
Event: 0.190 Thread 0x00000223bf444160 Thread added: 0x00000223bf444160
Event: 0.266 Thread 0x00000223dcc88310 Thread added: 0x00000223dcc88310
Event: 0.267 Thread 0x00000223dcc89b80 Thread added: 0x00000223dcc89b80
Event: 0.268 Thread 0x00000223dcc8eea0 Thread added: 0x00000223dcc8eea0
Event: 0.268 Thread 0x00000223dcc91920 Thread added: 0x00000223dcc91920
Event: 0.268 Thread 0x00000223dcc92790 Thread added: 0x00000223dcc92790
Event: 0.268 Thread 0x00000223dcc931f0 Thread added: 0x00000223dcc931f0
Event: 0.268 Thread 0x00000223dcc93f80 Thread added: 0x00000223dcc93f80
Event: 0.285 Thread 0x00000223dcd04800 Thread added: 0x00000223dcd04800
Event: 0.349 Thread 0x00000224220a2000 Thread added: 0x00000224220a2000
Event: 0.358 Thread 0x00000224220a7050 Thread added: 0x00000224220a7050
Event: 0.492 Thread 0x000002242211d700 Thread added: 0x000002242211d700


Dynamic libraries:
0x00007ff6130d0000 - 0x00007ff6130e0000 	C:\Program Files\Java\jdk-21\bin\javaw.exe
0x00007ffa9d0f0000 - 0x00007ffa9d2e5000 	C:\WINDOWS\SYSTEM32\ntdll.dll
0x00007ffa9cdb0000 - 0x00007ffa9ce6d000 	C:\WINDOWS\System32\KERNEL32.DLL
0x00007ffa9aa70000 - 0x00007ffa9ad3d000 	C:\WINDOWS\System32\KERNELBASE.dll
0x00007ffa9ad70000 - 0x00007ffa9ae70000 	C:\WINDOWS\System32\ucrtbase.dll
0x00007ffa81000000 - 0x00007ffa81019000 	C:\Program Files\Java\jdk-21\bin\jli.dll
0x00007ffa9b1f0000 - 0x00007ffa9b29e000 	C:\WINDOWS\System32\ADVAPI32.dll
0x00007ffa9bd60000 - 0x00007ffa9bdfe000 	C:\WINDOWS\System32\msvcrt.dll
0x00007ffa9bb20000 - 0x00007ffa9bbbc000 	C:\WINDOWS\System32\sechost.dll
0x00007ffa9cc80000 - 0x00007ffa9cda5000 	C:\WINDOWS\System32\RPCRT4.dll
0x00007ffa9bbc0000 - 0x00007ffa9bd60000 	C:\WINDOWS\System32\USER32.dll
0x00007ffa9ad40000 - 0x00007ffa9ad62000 	C:\WINDOWS\System32\win32u.dll
0x00007ffa9b320000 - 0x00007ffa9b34a000 	C:\WINDOWS\System32\GDI32.dll
0x00007ffa9ae70000 - 0x00007ffa9af7b000 	C:\WINDOWS\System32\gdi32full.dll
0x00007ffa9a9d0000 - 0x00007ffa9aa6d000 	C:\WINDOWS\System32\msvcp_win.dll
0x00007ffa7bcb0000 - 0x00007ffa7bccb000 	C:\Program Files\Java\jdk-21\bin\VCRUNTIME140.dll
0x00007ffa7f760000 - 0x00007ffa7f9fa000 	C:\WINDOWS\WinSxS\amd64_microsoft.windows.common-controls_6595b64144ccf1df_6.0.19041.1110_none_60b5254171f9507e\COMCTL32.dll
0x00007ffa92f10000 - 0x00007ffa92f1a000 	C:\WINDOWS\SYSTEM32\VERSION.dll
0x00007ffa9ce70000 - 0x00007ffa9cea0000 	C:\WINDOWS\System32\IMM32.DLL
0x00007ffa866e0000 - 0x00007ffa866ec000 	C:\Program Files\Java\jdk-21\bin\vcruntime140_1.dll
0x00007ffa68270000 - 0x00007ffa682fe000 	C:\Program Files\Java\jdk-21\bin\msvcp140.dll
0x00007ffa5dbe0000 - 0x00007ffa5e8f3000 	C:\Program Files\Java\jdk-21\bin\server\jvm.dll
0x00007ffa9be00000 - 0x00007ffa9be6b000 	C:\WINDOWS\System32\WS2_32.dll
0x00007ffa9a670000 - 0x00007ffa9a6bb000 	C:\WINDOWS\SYSTEM32\POWRPROF.dll
0x00007ffa91a60000 - 0x00007ffa91a87000 	C:\WINDOWS\SYSTEM32\WINMM.dll
0x00007ffa9a650000 - 0x00007ffa9a662000 	C:\WINDOWS\SYSTEM32\UMPDC.dll
0x00007ffa98700000 - 0x00007ffa98712000 	C:\WINDOWS\SYSTEM32\kernel.appcore.dll
0x00007ffa86010000 - 0x00007ffa8601a000 	C:\Program Files\Java\jdk-21\bin\jimage.dll
0x00007ffa88240000 - 0x00007ffa88424000 	C:\WINDOWS\SYSTEM32\DBGHELP.DLL
0x00007ffa86440000 - 0x00007ffa8646c000 	C:\WINDOWS\SYSTEM32\dbgcore.DLL
0x00007ffa9b000000 - 0x00007ffa9b082000 	C:\WINDOWS\System32\bcryptPrimitives.dll
0x00007ffa781b0000 - 0x00007ffa781cf000 	C:\Program Files\Java\jdk-21\bin\java.dll
0x00007ffa9b3d0000 - 0x00007ffa9bb14000 	C:\WINDOWS\System32\SHELL32.dll
0x00007ffa98900000 - 0x00007ffa99094000 	C:\WINDOWS\SYSTEM32\windows.storage.dll
0x00007ffa9c560000 - 0x00007ffa9c8b4000 	C:\WINDOWS\System32\combase.dll
0x00007ffa9a190000 - 0x00007ffa9a1bc000 	C:\WINDOWS\SYSTEM32\Wldp.dll
0x00007ffa9b140000 - 0x00007ffa9b1ed000 	C:\WINDOWS\System32\SHCORE.dll
0x00007ffa9b350000 - 0x00007ffa9b3a5000 	C:\WINDOWS\System32\shlwapi.dll
0x00007ffa9a740000 - 0x00007ffa9a75f000 	C:\WINDOWS\SYSTEM32\profapi.dll
0x00007ffa68190000 - 0x00007ffa68267000 	C:\Program Files\Java\jdk-21\bin\jsvml.dll
0x00007ffa85210000 - 0x00007ffa85220000 	C:\Program Files\Java\jdk-21\bin\net.dll
0x00007ffa87f90000 - 0x00007ffa8809a000 	C:\WINDOWS\SYSTEM32\WINHTTP.dll
0x00007ffa99ef0000 - 0x00007ffa99f5a000 	C:\WINDOWS\system32\mswsock.dll
0x00007ffa76f30000 - 0x00007ffa76f46000 	C:\Program Files\Java\jdk-21\bin\nio.dll
0x00007ffa76af0000 - 0x00007ffa76b08000 	C:\Program Files\Java\jdk-21\bin\zip.dll
0x00007ffa99c20000 - 0x00007ffa99ceb000 	C:\WINDOWS\SYSTEM32\DNSAPI.dll
0x00007ffa99be0000 - 0x00007ffa99c1b000 	C:\WINDOWS\SYSTEM32\IPHLPAPI.DLL
0x00007ffa9b3b0000 - 0x00007ffa9b3b8000 	C:\WINDOWS\System32\NSI.dll
0x00007ffa853a0000 - 0x00007ffa853aa000 	C:\Windows\System32\rasadhlp.dll
0x00007ffa83dd0000 - 0x00007ffa83e50000 	C:\WINDOWS\System32\fwpuclnt.dll
0x00007ffa9af80000 - 0x00007ffa9afa7000 	C:\WINDOWS\System32\bcrypt.dll
0x00007ffa936e0000 - 0x00007ffa936e7000 	C:\Program Files\Java\jdk-21\bin\extnet.dll
0x00007ffa7e8c0000 - 0x00007ffa7e8ce000 	C:\Program Files\Java\jdk-21\bin\sunmscapi.dll
0x00007ffa9a870000 - 0x00007ffa9a9c6000 	C:\WINDOWS\System32\CRYPT32.dll
0x00007ffa9a200000 - 0x00007ffa9a227000 	C:\WINDOWS\SYSTEM32\ncrypt.dll
0x00007ffa9a1c0000 - 0x00007ffa9a1fb000 	C:\WINDOWS\SYSTEM32\NTASN1.dll
0x00007ffa9a0f0000 - 0x00007ffa9a108000 	C:\WINDOWS\SYSTEM32\CRYPTSP.dll
0x00007ffa99870000 - 0x00007ffa998a4000 	C:\WINDOWS\system32\rsaenh.dll
0x00007ffa9a6c0000 - 0x00007ffa9a6ee000 	C:\WINDOWS\SYSTEM32\USERENV.dll
0x00007ffa9a0e0000 - 0x00007ffa9a0ec000 	C:\WINDOWS\SYSTEM32\CRYPTBASE.dll

dbghelp: loaded successfully - version: 4.0.5 - missing functions: none
symbol engine: initialized successfully - sym options: 0x614 - pdb path: (cannot be retrieved)

VM Arguments:
jvm_args: -Dfile.encoding=UTF-8 -Dstdout.encoding=UTF-8 -Dstderr.encoding=UTF-8 -XX:+ShowCodeDetailsInExceptionMessages 
java_command: org.exam.client.ExamClientApplication
java_class_path (initial): C:\Users\rutuj\OneDrive\Documents\ConsoleExamApllication\bin;C:\Users\rutuj\Downloads\mysql-connector-j-8.3.0\mysql-connector-j-8.3.0\mysql-connector-j-8.3.0.jar
Launcher Type: SUN_STANDARD

[Global flags]
     intx CICompilerCount                          = 3                                         {product} {ergonomic}
     uint ConcGCThreads                            = 1                                         {product} {ergonomic}
     uint G1ConcRefinementThreads                  = 4                                         {product} {ergonomic}
   size_t G1HeapRegionSize                         = 1048576                                   {product} {ergonomic}
    uintx GCDrainStackTargetSize                   = 64                                        {product} {ergonomic}
   size_t InitialHeapSize                          = 100663296                                 {product} {ergonomic}
   size_t MarkStackSize                            = 4194304                                   {product} {ergonomic}
   size_t MaxHeapSize                              = 1595932672                                {product} {ergonomic}
   size_t MaxNewSize                               = 957349888                                 {product} {ergonomic}
   size_t MinHeapDeltaBytes                        = 1048576                                   {product} {ergonomic}
   size_t MinHeapSize                              = 8388608                                   {product} {ergonomic}
    uintx NonNMethodCodeHeapSize                   = 5832780                                {pd product} {ergonomic}
    uintx NonProfiledCodeHeapSize                  = 122912730                              {pd product} {ergonomic}
    uintx ProfiledCodeHeapSize                     = 122912730                              {pd product} {ergonomic}
    uintx ReservedCodeCacheSize                    = 251658240                              {pd product} {ergonomic}
     bool SegmentedCodeCache                       = true                                      {product} {ergonomic}
     bool ShowCodeDetailsInExceptionMessages       = true                                   {manageable} {command line}
   size_t SoftMaxHeapSize                          = 1595932672                             {manageable} {ergonomic}
     bool UseCompressedOops                        = true                           {product lp64_product} {ergonomic}
     bool UseG1GC                                  = true                                      {product} {ergonomic}
     bool UseLargePagesIndividualAllocation        = false                                  {pd product} {ergonomic}

Logging:
Log output configuration:
 #0: stdout all=warning uptime,level,tags foldmultilines=false
 #1: stderr all=off uptime,level,tags foldmultilines=false

Environment Variables:
JAVA_HOME=C:\Program Files\Java\jdk-21
PATH=C:\Program Files\Common Files\Oracle\Java\javapath;C:\WINDOWS\system32;C:\WINDOWS;C:\WINDOWS\System32\Wbem;C:\WINDOWS\System32\WindowsPowerShell\v1.0\;C:\WINDOWS\System32\OpenSSH\;C:\Program Files\Java\jdk-21\bin;C:\Program Files\Common Files\Oracle\Java\javapath;C:\Program Files (x86)\Microsoft SQL Server\160\Tools\Binn\;C:\Program Files\Microsoft SQL Server\160\Tools\Binn\;C:\Program Files\Microsoft SQL Server\Client SDK\ODBC\170\Tools\Binn\;C:\Program Files\Microsoft SQL Server\160\DTS\Binn\;C:\Program Files\Azure Data Studio\bin;C:\Program Files\MySQL\MySQL Server 8.0\bin;C:\Program Files\MySQL\MySQL Shell 8.0\bin\;C:\Users\rutuj\AppData\Local\Microsoft\WindowsApps;;C:\Users\rutuj\AppData\Local\Programs\Microsoft VS Code\bin;C:\Program Files\Azure Data Studio\bin
USERNAME=rutuj
OS=Windows_NT
PROCESSOR_IDENTIFIER=AMD64 Family 23 Model 24 Stepping 1, AuthenticAMD
TMP=C:\Users\rutuj\AppData\Local\Temp
TEMP=C:\Users\rutuj\AppData\Local\Temp




---------------  S Y S T E M  ---------------

OS:
 Windows 10 , 64 bit Build 19041 (10.0.19041.1706)
OS uptime: 49 days 17:02 hours

CPU: total 4 (initial active 4) (4 cores per cpu, 2 threads per core) family 23 model 24 stepping 1 microcode 0x0, cx8, cmov, fxsr, ht, mmx, 3dnowpref, sse, sse2, sse3, ssse3, sse4a, sse4.1, sse4.2, popcnt, lzcnt, tsc, tscinvbit, avx, avx2, aes, clmul, bmi1, bmi2, adx, sha, fma, vzeroupper, clflush, clflushopt, rdtscp, f16c
Processor Information for all 4 processors :
  Max Mhz: 2600, Current Mhz: 2600, Mhz Limit: 2600

Memory: 4k page, system-wide physical 6086M (335M free)
TotalPageFile size 24518M (AvailPageFile size 0M)
current process WorkingSet (physical memory assigned to process): 23M, peak: 89M
current process commit charge ("private bytes"): 183M, peak: 200M

vm_info: Java HotSpot(TM) 64-Bit Server VM (21+35-LTS-2513) for windows-amd64 JRE (21+35-LTS-2513), built on 2023-08-09T20:25:10Z by "mach5one" with MS VC++ 17.1 (VS2022)

END.
